lawtree/build/outputs/logs/manifest-merger-release-report.txt
-- Merging decision tree log ---
meta-data#com.amap.api.v2.apikey
INJECTED from w_ls\lawtree\AndroidManifest.xml:85:9-87:43
	android:value
		INJECTED from w_ls\lawtree\AndroidManifest.xml
		ADDED from w_ls\lawtree\AndroidManifest.xml:87:13-40
	android:name
		ADDED from w_ls\lawtree\AndroidManifest.xml:86:13-50
manifest
ADDED from w_ls\lawtree\AndroidManifest.xml:2:1-807:12
INJECTED from w_ls\lawtree\AndroidManifest.xml:2:1-807:12
INJECTED from w_ls\lawtree\AndroidManifest.xml:2:1-807:12
INJECTED from w_ls\lawtree\AndroidManifest.xml:2:1-807:12
MERGED from [com.crashlytics.sdk.android:crashlytics:2.8.0] AndroidManifest.xml:2:1-19:12
MERGED from [:uikit] AndroidManifest.xml:2:1-187:12
MERGED from [com.google.firebase:firebase-core:11.6.0] AndroidManifest.xml:2:1-6:12
MERGED from [com.android.support:multidex:1.0.2] AndroidManifest.xml:17:1-22:12
MERGED from [:jrmfRpWalletlib] AndroidManifest.xml:2:1-96:12
MERGED from [:avchatkit] AndroidManifest.xml:2:1-44:12
MERGED from [:pickerview] AndroidManifest.xml:2:1-11:12
MERGED from [com.google.firebase:firebase-messaging:11.6.0] AndroidManifest.xml:16:1-30:12
MERGED from [com.google.android.gms:play-services-base:11.6.0] AndroidManifest.xml:16:1-21:12
MERGED from [com.meizu.flyme.internet:push-internal:3.4.2] AndroidManifest.xml:2:1-35:12
MERGED from [com.huawei.android.hms:push:2.5.3.302] AndroidManifest.xml:2:1-9:12
MERGED from [com.netease.nimlib:jsbridge:1.3.1] AndroidManifest.xml:2:1-17:12
MERGED from [com.zhy:okhttputils:2.6.2] AndroidManifest.xml:2:1-11:12
MERGED from [cn.bingoogolapple:bga-qrcode-zxing:1.2.1] AndroidManifest.xml:2:1-10:12
MERGED from [pub.devrel:easypermissions:1.0.1] AndroidManifest.xml:2:1-19:12
MERGED from [cn.bingoogolapple:bga-photopicker:1.2.8] AndroidManifest.xml:2:1-50:12
MERGED from [cn.bingoogolapple:bga-baseadapter:1.2.9] AndroidManifest.xml:2:1-10:12
MERGED from [:updateapplibrary] AndroidManifest.xml:2:1-12:12
MERGED from [cn.jiguang.sdk:jpush:3.0.3] AndroidManifest.xml:2:1-130:12
MERGED from [cn.jiguang.sdk:jcore:1.1.1] AndroidManifest.xml:2:1-14:12
MERGED from [com.crashlytics.sdk.android:crashlytics-core:2.5.0] AndroidManifest.xml:45:1-56:12
MERGED from [com.crashlytics.sdk.android:beta:1.2.7] AndroidManifest.xml:2:1-13:12
MERGED from [com.crashlytics.sdk.android:answers:1.4.1] AndroidManifest.xml:2:1-13:12
MERGED from [io.fabric.sdk.android:fabric:1.4.1] AndroidManifest.xml:22:1-33:12
MERGED from [com.google.firebase:firebase-analytics:11.6.0] AndroidManifest.xml:16:1-35:12
MERGED from [:faceunity] AndroidManifest.xml:2:1-15:12
MERGED from [com.android.support:design:26.1.0] AndroidManifest.xml:17:1-31:12
MERGED from [com.android.support:appcompat-v7:26.1.0] AndroidManifest.xml:17:1-31:12
MERGED from [com.google.firebase:firebase-analytics-impl:11.6.0] AndroidManifest.xml:16:1-29:12
MERGED from [com.google.firebase:firebase-iid:11.6.0] AndroidManifest.xml:16:1-47:12
MERGED from [com.google.firebase:firebase-common:11.6.0] AndroidManifest.xml:2:1-8:12
MERGED from [com.google.android.gms:play-services-tasks:11.6.0] AndroidManifest.xml:2:1-5:12
MERGED from [com.google.android.gms:play-services-basement:11.6.0] AndroidManifest.xml:16:1-23:12
MERGED from [com.android.support:transition:26.1.0] AndroidManifest.xml:17:1-28:12
MERGED from [org.adw.library:discrete-seekbar:1.0.1] AndroidManifest.xml:17:1-30:12
MERGED from [com.android.support:support-v4:26.1.0] AndroidManifest.xml:17:1-31:12
MERGED from [com.android.support.constraint:constraint-layout:1.0.2] AndroidManifest.xml:2:1-11:12
MERGED from [me.everything:overscroll-decor-android:1.0.4] AndroidManifest.xml:2:1-12:12
MERGED from [me.leolin:ShortcutBadger:1.1.17] AndroidManifest.xml:2:1-52:12
MERGED from [jp.wasabeef:glide-transformations:3.0.1] AndroidManifest.xml:2:1-12:12
MERGED from [com.android.support:recyclerview-v7:26.1.0] AndroidManifest.xml:17:1-28:12
MERGED from [com.google.firebase:firebase-messaging-license:11.6.0] AndroidManifest.xml:2:1-6:12
MERGED from [com.google.android.gms:play-services-base-license:11.6.0] AndroidManifest.xml:2:1-6:12
MERGED from [com.huawei.android.hms:base:2.5.3.302] AndroidManifest.xml:2:1-23:12
MERGED from [cn.bingoogolapple:bga-qrcode-core:1.2.1] AndroidManifest.xml:2:1-19:12
MERGED from [com.google.firebase:firebase-analytics-license:11.6.0] AndroidManifest.xml:2:1-6:12
MERGED from [com.android.support:animated-vector-drawable:26.1.0] AndroidManifest.xml:17:1-28:12
MERGED from [com.android.support:support-vector-drawable:26.1.0] AndroidManifest.xml:17:1-28:12
MERGED from [com.android.support:support-fragment:26.1.0] AndroidManifest.xml:17:1-31:12
MERGED from [com.android.support:support-core-ui:26.1.0] AndroidManifest.xml:17:1-31:12
MERGED from [com.android.support:support-media-compat:26.1.0] AndroidManifest.xml:17:1-31:12
MERGED from [com.android.support:support-core-utils:26.1.0] AndroidManifest.xml:17:1-31:12
MERGED from [com.android.support:support-compat:26.1.0] AndroidManifest.xml:17:1-31:12
MERGED from [com.google.firebase:firebase-iid-license:11.6.0] AndroidManifest.xml:2:1-6:12
MERGED from [com.google.android.gms:play-services-basement-license:11.6.0] AndroidManifest.xml:2:1-6:12
MERGED from [com.google.firebase:firebase-common-license:11.6.0] AndroidManifest.xml:2:1-6:12
MERGED from [com.google.android.gms:play-services-tasks-license:11.6.0] AndroidManifest.xml:2:1-6:12
MERGED from [com.google.firebase:firebase-analytics-impl-license:11.6.0] AndroidManifest.xml:2:1-6:12
MERGED from [android.arch.lifecycle:runtime:1.0.0] AndroidManifest.xml:17:1-30:12
INJECTED from w_ls\lawtree\AndroidManifest.xml:2:1-807:12
INJECTED from w_ls\lawtree\AndroidManifest.xml:2:1-807:12
INJECTED from w_ls\lawtree\AndroidManifest.xml:2:1-807:12
	package
		ADDED from w_ls\lawtree\AndroidManifest.xml:4:5-31
		INJECTED from w_ls\lawtree\AndroidManifest.xml
		INJECTED from w_ls\lawtree\AndroidManifest.xml
	android:versionName
		INJECTED from w_ls\lawtree\AndroidManifest.xml
		ADDED from w_ls\lawtree\AndroidManifest.xml:2:1-807:12
		INJECTED from w_ls\lawtree\AndroidManifest.xml
	xmlns:tools
		ADDED from w_ls\lawtree\AndroidManifest.xml:3:5-51
	android:versionCode
		INJECTED from w_ls\lawtree\AndroidManifest.xml
		ADDED from w_ls\lawtree\AndroidManifest.xml:2:1-807:12
		INJECTED from w_ls\lawtree\AndroidManifest.xml
	xmlns:android
		ADDED from w_ls\lawtree\AndroidManifest.xml:2:11-69
	android:installLocation
		ADDED from w_ls\lawtree\AndroidManifest.xml:5:5-35
uses-permission#android.permission.INTERNET
ADDED from w_ls\lawtree\AndroidManifest.xml:9:5-67
MERGED from [com.crashlytics.sdk.android:crashlytics:2.8.0] AndroidManifest.xml:9:5-67
MERGED from [com.crashlytics.sdk.android:crashlytics:2.8.0] AndroidManifest.xml:9:5-67
MERGED from [:jrmfRpWalletlib] AndroidManifest.xml:12:5-67
MERGED from [:jrmfRpWalletlib] AndroidManifest.xml:12:5-67
MERGED from [com.meizu.flyme.internet:push-internal:3.4.2] AndroidManifest.xml:12:5-67
MERGED from [com.meizu.flyme.internet:push-internal:3.4.2] AndroidManifest.xml:12:5-67
MERGED from [cn.jiguang.sdk:jpush:3.0.3] AndroidManifest.xml:18:5-67
MERGED from [cn.jiguang.sdk:jpush:3.0.3] AndroidManifest.xml:18:5-67
MERGED from [com.crashlytics.sdk.android:crashlytics-core:2.5.0] AndroidManifest.xml:52:5-67
MERGED from [com.crashlytics.sdk.android:crashlytics-core:2.5.0] AndroidManifest.xml:52:5-67
MERGED from [com.crashlytics.sdk.android:beta:1.2.7] AndroidManifest.xml:9:5-67
MERGED from [com.crashlytics.sdk.android:beta:1.2.7] AndroidManifest.xml:9:5-67
MERGED from [com.crashlytics.sdk.android:answers:1.4.1] AndroidManifest.xml:9:5-67
MERGED from [com.crashlytics.sdk.android:answers:1.4.1] AndroidManifest.xml:9:5-67
MERGED from [io.fabric.sdk.android:fabric:1.4.1] AndroidManifest.xml:29:5-67
MERGED from [io.fabric.sdk.android:fabric:1.4.1] AndroidManifest.xml:29:5-67
MERGED from [com.google.firebase:firebase-analytics:11.6.0] AndroidManifest.xml:20:5-66
MERGED from [com.google.firebase:firebase-analytics:11.6.0] AndroidManifest.xml:20:5-66
MERGED from [com.google.firebase:firebase-analytics-impl:11.6.0] AndroidManifest.xml:20:5-66
MERGED from [com.google.firebase:firebase-analytics-impl:11.6.0] AndroidManifest.xml:20:5-66
MERGED from [com.google.firebase:firebase-iid:11.6.0] AndroidManifest.xml:20:5-66
MERGED from [com.google.firebase:firebase-iid:11.6.0] AndroidManifest.xml:20:5-66
	android:name
		ADDED from w_ls\lawtree\AndroidManifest.xml:9:22-64
uses-permission#android.permission.ACCESS_NETWORK_STATE
ADDED from w_ls\lawtree\AndroidManifest.xml:10:5-79
MERGED from [:jrmfRpWalletlib] AndroidManifest.xml:13:5-79
MERGED from [:jrmfRpWalletlib] AndroidManifest.xml:13:5-79
MERGED from [:avchatkit] AndroidManifest.xml:11:5-79
MERGED from [:avchatkit] AndroidManifest.xml:11:5-79
MERGED from [com.meizu.flyme.internet:push-internal:3.4.2] AndroidManifest.xml:14:5-79
MERGED from [com.meizu.flyme.internet:push-internal:3.4.2] AndroidManifest.xml:14:5-79
MERGED from [cn.jiguang.sdk:jpush:3.0.3] AndroidManifest.xml:26:5-79
MERGED from [cn.jiguang.sdk:jpush:3.0.3] AndroidManifest.xml:26:5-79
MERGED from [com.google.firebase:firebase-analytics:11.6.0] AndroidManifest.xml:21:5-78
MERGED from [com.google.firebase:firebase-analytics:11.6.0] AndroidManifest.xml:21:5-78
MERGED from [com.google.firebase:firebase-analytics-impl:11.6.0] AndroidManifest.xml:21:5-78
MERGED from [com.google.firebase:firebase-analytics-impl:11.6.0] AndroidManifest.xml:21:5-78
MERGED from [com.google.firebase:firebase-iid:11.6.0] AndroidManifest.xml:19:5-78
MERGED from [com.google.firebase:firebase-iid:11.6.0] AndroidManifest.xml:19:5-78
	android:name
		ADDED from w_ls\lawtree\AndroidManifest.xml:10:22-76
uses-permission#android.permission.ACCESS_WIFI_STATE
ADDED from w_ls\lawtree\AndroidManifest.xml:11:5-76
MERGED from [:jrmfRpWalletlib] AndroidManifest.xml:14:5-76
MERGED from [:jrmfRpWalletlib] AndroidManifest.xml:14:5-76
MERGED from [:avchatkit] AndroidManifest.xml:12:5-76
MERGED from [:avchatkit] AndroidManifest.xml:12:5-76
MERGED from [com.meizu.flyme.internet:push-internal:3.4.2] AndroidManifest.xml:17:5-76
MERGED from [com.meizu.flyme.internet:push-internal:3.4.2] AndroidManifest.xml:17:5-76
MERGED from [cn.jiguang.sdk:jpush:3.0.3] AndroidManifest.xml:27:5-76
MERGED from [cn.jiguang.sdk:jpush:3.0.3] AndroidManifest.xml:27:5-76
	android:name
		ADDED from w_ls\lawtree\AndroidManifest.xml:11:22-73
uses-permission#android.permission.CHANGE_WIFI_STATE
ADDED from w_ls\lawtree\AndroidManifest.xml:12:5-76
MERGED from [cn.jiguang.sdk:jpush:3.0.3] AndroidManifest.xml:32:5-76
MERGED from [cn.jiguang.sdk:jpush:3.0.3] AndroidManifest.xml:32:5-76
	android:name
		ADDED from w_ls\lawtree\AndroidManifest.xml:12:22-73
uses-permission#android.permission.READ_EXTERNAL_STORAGE
ADDED from w_ls\lawtree\AndroidManifest.xml:15:5-80
MERGED from [:jrmfRpWalletlib] AndroidManifest.xml:18:5-80
MERGED from [:jrmfRpWalletlib] AndroidManifest.xml:18:5-80
MERGED from [com.meizu.flyme.internet:push-internal:3.4.2] AndroidManifest.xml:15:5-80
MERGED from [com.meizu.flyme.internet:push-internal:3.4.2] AndroidManifest.xml:15:5-80
MERGED from [cn.bingoogolapple:bga-photopicker:1.2.8] AndroidManifest.xml:9:5-80
MERGED from [cn.bingoogolapple:bga-photopicker:1.2.8] AndroidManifest.xml:9:5-80
MERGED from [cn.jiguang.sdk:jpush:3.0.3] AndroidManifest.xml:22:5-80
MERGED from [cn.jiguang.sdk:jpush:3.0.3] AndroidManifest.xml:22:5-80
	android:name
		ADDED from w_ls\lawtree\AndroidManifest.xml:15:22-77
uses-permission#android.permission.WRITE_EXTERNAL_STORAGE
ADDED from w_ls\lawtree\AndroidManifest.xml:16:5-81
MERGED from [:jrmfRpWalletlib] AndroidManifest.xml:17:5-81
MERGED from [:jrmfRpWalletlib] AndroidManifest.xml:17:5-81
MERGED from [com.meizu.flyme.internet:push-internal:3.4.2] AndroidManifest.xml:16:5-81
MERGED from [com.meizu.flyme.internet:push-internal:3.4.2] AndroidManifest.xml:16:5-81
MERGED from [cn.bingoogolapple:bga-photopicker:1.2.8] AndroidManifest.xml:10:5-81
MERGED from [cn.bingoogolapple:bga-photopicker:1.2.8] AndroidManifest.xml:10:5-81
MERGED from [cn.jiguang.sdk:jpush:3.0.3] AndroidManifest.xml:21:5-81
MERGED from [cn.jiguang.sdk:jpush:3.0.3] AndroidManifest.xml:21:5-81
	android:name
		ADDED from w_ls\lawtree\AndroidManifest.xml:16:22-78
uses-permission#android.permission.ACCESS_FINE_LOCATION
ADDED from w_ls\lawtree\AndroidManifest.xml:19:5-79
MERGED from [cn.jiguang.sdk:jpush:3.0.3] AndroidManifest.xml:33:5-79
MERGED from [cn.jiguang.sdk:jpush:3.0.3] AndroidManifest.xml:33:5-79
	android:name
		ADDED from w_ls\lawtree\AndroidManifest.xml:19:22-76
uses-permission#android.permission.ACCESS_COARSE_LOCATION
ADDED from w_ls\lawtree\AndroidManifest.xml:20:5-81
MERGED from [:jrmfRpWalletlib] AndroidManifest.xml:11:5-81
MERGED from [:jrmfRpWalletlib] AndroidManifest.xml:11:5-81
MERGED from [com.meizu.flyme.internet:push-internal:3.4.2] AndroidManifest.xml:11:5-81
MERGED from [com.meizu.flyme.internet:push-internal:3.4.2] AndroidManifest.xml:11:5-81
MERGED from [cn.jiguang.sdk:jpush:3.0.3] AndroidManifest.xml:31:5-81
MERGED from [cn.jiguang.sdk:jpush:3.0.3] AndroidManifest.xml:31:5-81
	android:name
		ADDED from w_ls\lawtree\AndroidManifest.xml:20:22-78
uses-permission#android.permission.ACCESS_LOCATION_EXTRA_COMMANDS
ADDED from w_ls\lawtree\AndroidManifest.xml:21:5-89
MERGED from [cn.jiguang.sdk:jpush:3.0.3] AndroidManifest.xml:34:5-89
MERGED from [cn.jiguang.sdk:jpush:3.0.3] AndroidManifest.xml:34:5-89
	android:name
		ADDED from w_ls\lawtree\AndroidManifest.xml:21:22-86
uses-permission#android.permission.READ_PHONE_STATE
ADDED from w_ls\lawtree\AndroidManifest.xml:24:5-75
MERGED from [:jrmfRpWalletlib] AndroidManifest.xml:16:5-75
MERGED from [:jrmfRpWalletlib] AndroidManifest.xml:16:5-75
MERGED from [com.meizu.flyme.internet:push-internal:3.4.2] AndroidManifest.xml:13:5-75
MERGED from [com.meizu.flyme.internet:push-internal:3.4.2] AndroidManifest.xml:13:5-75
MERGED from [cn.jiguang.sdk:jpush:3.0.3] AndroidManifest.xml:20:5-75
MERGED from [cn.jiguang.sdk:jpush:3.0.3] AndroidManifest.xml:20:5-75
	android:name
		ADDED from w_ls\lawtree\AndroidManifest.xml:24:22-72
uses-permission#android.permission.CAMERA
ADDED from w_ls\lawtree\AndroidManifest.xml:25:5-65
MERGED from [cn.bingoogolapple:bga-photopicker:1.2.8] AndroidManifest.xml:11:5-65
MERGED from [cn.bingoogolapple:bga-photopicker:1.2.8] AndroidManifest.xml:11:5-65
MERGED from [cn.bingoogolapple:bga-qrcode-core:1.2.1] AndroidManifest.xml:9:5-65
MERGED from [cn.bingoogolapple:bga-qrcode-core:1.2.1] AndroidManifest.xml:9:5-65
	android:name
		ADDED from w_ls\lawtree\AndroidManifest.xml:25:22-62
uses-permission#android.permission.RECORD_AUDIO
ADDED from w_ls\lawtree\AndroidManifest.xml:26:5-71
	android:name
		ADDED from w_ls\lawtree\AndroidManifest.xml:26:22-68
uses-permission#android.permission.BLUETOOTH
ADDED from w_ls\lawtree\AndroidManifest.xml:27:5-68
	android:name
		ADDED from w_ls\lawtree\AndroidManifest.xml:27:22-65
uses-permission#android.permission.BLUETOOTH_ADMIN
ADDED from w_ls\lawtree\AndroidManifest.xml:28:5-74
	android:name
		ADDED from w_ls\lawtree\AndroidManifest.xml:28:22-71
uses-permission#android.permission.GET_TASKS
ADDED from w_ls\lawtree\AndroidManifest.xml:31:5-68
	android:name
		ADDED from w_ls\lawtree\AndroidManifest.xml:31:22-65
uses-permission#android.permission.FLASHLIGHT
ADDED from w_ls\lawtree\AndroidManifest.xml:32:5-69
MERGED from [cn.bingoogolapple:bga-qrcode-core:1.2.1] AndroidManifest.xml:10:5-69
MERGED from [cn.bingoogolapple:bga-qrcode-core:1.2.1] AndroidManifest.xml:10:5-69
	android:name
		ADDED from w_ls\lawtree\AndroidManifest.xml:32:22-66
uses-permission#android.permission.VIBRATE
ADDED from w_ls\lawtree\AndroidManifest.xml:33:5-66
MERGED from [cn.jiguang.sdk:jpush:3.0.3] AndroidManifest.xml:24:5-66
MERGED from [cn.jiguang.sdk:jpush:3.0.3] AndroidManifest.xml:24:5-66
	android:name
		ADDED from w_ls\lawtree\AndroidManifest.xml:33:22-63
uses-permission#android.permission.CHANGE_CONFIGURATION
ADDED from w_ls\lawtree\AndroidManifest.xml:34:5-36:47
	tools:ignore
		ADDED from w_ls\lawtree\AndroidManifest.xml:36:9-44
	android:name
		ADDED from w_ls\lawtree\AndroidManifest.xml:35:9-63
uses-permission#android.permission.MODIFY_AUDIO_SETTINGS
ADDED from w_ls\lawtree\AndroidManifest.xml:37:5-80
	android:name
		ADDED from w_ls\lawtree\AndroidManifest.xml:37:22-77
uses-permission#android.permission.WRITE_SETTINGS
ADDED from w_ls\lawtree\AndroidManifest.xml:38:5-40:47
MERGED from [cn.jiguang.sdk:jpush:3.0.3] AndroidManifest.xml:23:5-73
MERGED from [cn.jiguang.sdk:jpush:3.0.3] AndroidManifest.xml:23:5-73
	tools:ignore
		ADDED from w_ls\lawtree\AndroidManifest.xml:40:9-44
	android:name
		ADDED from w_ls\lawtree\AndroidManifest.xml:39:9-57
uses-permission#android.permission.DISABLE_KEYGUARD
ADDED from w_ls\lawtree\AndroidManifest.xml:42:5-75
	android:name
		ADDED from w_ls\lawtree\AndroidManifest.xml:42:22-72
uses-permission#android.permission.WAKE_LOCK
ADDED from w_ls\lawtree\AndroidManifest.xml:43:5-68
MERGED from [cn.jiguang.sdk:jpush:3.0.3] AndroidManifest.xml:19:5-68
MERGED from [cn.jiguang.sdk:jpush:3.0.3] AndroidManifest.xml:19:5-68
MERGED from [com.google.firebase:firebase-analytics:11.6.0] AndroidManifest.xml:22:5-67
MERGED from [com.google.firebase:firebase-analytics:11.6.0] AndroidManifest.xml:22:5-67
MERGED from [com.google.firebase:firebase-analytics-impl:11.6.0] AndroidManifest.xml:22:5-67
MERGED from [com.google.firebase:firebase-analytics-impl:11.6.0] AndroidManifest.xml:22:5-67
MERGED from [com.google.firebase:firebase-iid:11.6.0] AndroidManifest.xml:21:5-67
MERGED from [com.google.firebase:firebase-iid:11.6.0] AndroidManifest.xml:21:5-67
	android:name
		ADDED from w_ls\lawtree\AndroidManifest.xml:43:22-65
uses-permission#android.permission.READ_CONTACTS
ADDED from w_ls\lawtree\AndroidManifest.xml:44:5-72
	android:name
		ADDED from w_ls\lawtree\AndroidManifest.xml:44:22-69
permission#com.qysd.lawtree.permission.RECEIVE_MSG
ADDED from w_ls\lawtree\AndroidManifest.xml:48:5-50:47
	android:protectionLevel
		ADDED from w_ls\lawtree\AndroidManifest.xml:50:9-44
	android:name
		ADDED from w_ls\lawtree\AndroidManifest.xml:49:9-63
uses-permission#com.qysd.lawtree.permission.RECEIVE_MSG
ADDED from w_ls\lawtree\AndroidManifest.xml:53:5-79
	android:name
		ADDED from w_ls\lawtree\AndroidManifest.xml:53:22-76
permission#com.qysd.lawtree.permission.MIPUSH_RECEIVE
ADDED from w_ls\lawtree\AndroidManifest.xml:56:5-58:47
	android:protectionLevel
		ADDED from w_ls\lawtree\AndroidManifest.xml:58:9-44
	android:name
		ADDED from w_ls\lawtree\AndroidManifest.xml:57:9-66
uses-permission#com.qysd.lawtree.permission.MIPUSH_RECEIVE
ADDED from w_ls\lawtree\AndroidManifest.xml:59:5-82
	android:name
		ADDED from w_ls\lawtree\AndroidManifest.xml:59:22-79
uses-sdk
ADDED from w_ls\lawtree\AndroidManifest.xml:61:5-97
INJECTED from w_ls\lawtree\AndroidManifest.xml:61:5-97
INJECTED from w_ls\lawtree\AndroidManifest.xml:61:5-97
MERGED from [com.crashlytics.sdk.android:crashlytics:2.8.0] AndroidManifest.xml:7:5-43
MERGED from [com.crashlytics.sdk.android:crashlytics:2.8.0] AndroidManifest.xml:7:5-43
MERGED from [:uikit] AndroidManifest.xml:7:5-9:41
MERGED from [:uikit] AndroidManifest.xml:7:5-9:41
MERGED from [com.google.firebase:firebase-core:11.6.0] AndroidManifest.xml:4:5-43
MERGED from [com.google.firebase:firebase-core:11.6.0] AndroidManifest.xml:4:5-43
MERGED from [com.android.support:multidex:1.0.2] AndroidManifest.xml:20:5-43
MERGED from [com.android.support:multidex:1.0.2] AndroidManifest.xml:20:5-43
MERGED from [:jrmfRpWalletlib] AndroidManifest.xml:7:5-9:41
MERGED from [:jrmfRpWalletlib] AndroidManifest.xml:7:5-9:41
MERGED from [:avchatkit] AndroidManifest.xml:7:5-9:41
MERGED from [:avchatkit] AndroidManifest.xml:7:5-9:41
MERGED from [:pickerview] AndroidManifest.xml:7:5-9:41
MERGED from [:pickerview] AndroidManifest.xml:7:5-9:41
MERGED from [com.google.firebase:firebase-messaging:11.6.0] AndroidManifest.xml:17:5-43
MERGED from [com.google.firebase:firebase-messaging:11.6.0] AndroidManifest.xml:17:5-43
MERGED from [com.google.android.gms:play-services-base:11.6.0] AndroidManifest.xml:17:5-43
MERGED from [com.google.android.gms:play-services-base:11.6.0] AndroidManifest.xml:17:5-43
MERGED from [com.meizu.flyme.internet:push-internal:3.4.2] AndroidManifest.xml:7:5-9:41
MERGED from [com.meizu.flyme.internet:push-internal:3.4.2] AndroidManifest.xml:7:5-9:41
MERGED from [com.huawei.android.hms:push:2.5.3.302] AndroidManifest.xml:5:5-7:41
MERGED from [com.huawei.android.hms:push:2.5.3.302] AndroidManifest.xml:5:5-7:41
MERGED from [com.netease.nimlib:jsbridge:1.3.1] AndroidManifest.xml:7:5-9:41
MERGED from [com.netease.nimlib:jsbridge:1.3.1] AndroidManifest.xml:7:5-9:41
MERGED from [com.zhy:okhttputils:2.6.2] AndroidManifest.xml:7:5-9:41
MERGED from [com.zhy:okhttputils:2.6.2] AndroidManifest.xml:7:5-9:41
MERGED from [cn.bingoogolapple:bga-qrcode-zxing:1.2.1] AndroidManifest.xml:6:5-8:41
MERGED from [cn.bingoogolapple:bga-qrcode-zxing:1.2.1] AndroidManifest.xml:6:5-8:41
MERGED from [pub.devrel:easypermissions:1.0.1] AndroidManifest.xml:7:5-9:41
MERGED from [pub.devrel:easypermissions:1.0.1] AndroidManifest.xml:7:5-9:41
MERGED from [cn.bingoogolapple:bga-photopicker:1.2.8] AndroidManifest.xml:5:5-7:41
MERGED from [cn.bingoogolapple:bga-photopicker:1.2.8] AndroidManifest.xml:5:5-7:41
MERGED from [cn.bingoogolapple:bga-baseadapter:1.2.9] AndroidManifest.xml:6:5-8:41
MERGED from [cn.bingoogolapple:bga-baseadapter:1.2.9] AndroidManifest.xml:6:5-8:41
MERGED from [:updateapplibrary] AndroidManifest.xml:8:5-10:41
MERGED from [:updateapplibrary] AndroidManifest.xml:8:5-10:41
MERGED from [cn.jiguang.sdk:jpush:3.0.3] AndroidManifest.xml:7:5-9:41
MERGED from [cn.jiguang.sdk:jpush:3.0.3] AndroidManifest.xml:7:5-9:41
MERGED from [cn.jiguang.sdk:jcore:1.1.1] AndroidManifest.xml:7:5-9:41
MERGED from [cn.jiguang.sdk:jcore:1.1.1] AndroidManifest.xml:7:5-9:41
MERGED from [com.crashlytics.sdk.android:crashlytics-core:2.5.0] AndroidManifest.xml:50:5-43
MERGED from [com.crashlytics.sdk.android:crashlytics-core:2.5.0] AndroidManifest.xml:50:5-43
MERGED from [com.crashlytics.sdk.android:beta:1.2.7] AndroidManifest.xml:7:5-43
MERGED from [com.crashlytics.sdk.android:beta:1.2.7] AndroidManifest.xml:7:5-43
MERGED from [com.crashlytics.sdk.android:answers:1.4.1] AndroidManifest.xml:7:5-43
MERGED from [com.crashlytics.sdk.android:answers:1.4.1] AndroidManifest.xml:7:5-43
MERGED from [io.fabric.sdk.android:fabric:1.4.1] AndroidManifest.xml:27:5-43
MERGED from [io.fabric.sdk.android:fabric:1.4.1] AndroidManifest.xml:27:5-43
MERGED from [com.google.firebase:firebase-analytics:11.6.0] AndroidManifest.xml:17:5-43
MERGED from [com.google.firebase:firebase-analytics:11.6.0] AndroidManifest.xml:17:5-43
MERGED from [:faceunity] AndroidManifest.xml:5:5-7:41
MERGED from [:faceunity] AndroidManifest.xml:5:5-7:41
MERGED from [com.android.support:design:26.1.0] AndroidManifest.xml:21:5-23:62
MERGED from [com.android.support:design:26.1.0] AndroidManifest.xml:21:5-23:62
MERGED from [com.android.support:appcompat-v7:26.1.0] AndroidManifest.xml:21:5-23:78
MERGED from [com.android.support:appcompat-v7:26.1.0] AndroidManifest.xml:21:5-23:78
MERGED from [com.google.firebase:firebase-analytics-impl:11.6.0] AndroidManifest.xml:17:5-43
MERGED from [com.google.firebase:firebase-analytics-impl:11.6.0] AndroidManifest.xml:17:5-43
MERGED from [com.google.firebase:firebase-iid:11.6.0] AndroidManifest.xml:17:5-43
MERGED from [com.google.firebase:firebase-iid:11.6.0] AndroidManifest.xml:17:5-43
MERGED from [com.google.firebase:firebase-common:11.6.0] AndroidManifest.xml:3:5-43
MERGED from [com.google.firebase:firebase-common:11.6.0] AndroidManifest.xml:3:5-43
MERGED from [com.google.android.gms:play-services-tasks:11.6.0] AndroidManifest.xml:3:5-43
MERGED from [com.google.android.gms:play-services-tasks:11.6.0] AndroidManifest.xml:3:5-43
MERGED from [com.google.android.gms:play-services-basement:11.6.0] AndroidManifest.xml:17:5-43
MERGED from [com.google.android.gms:play-services-basement:11.6.0] AndroidManifest.xml:17:5-43
MERGED from [com.android.support:transition:26.1.0] AndroidManifest.xml:20:5-44
MERGED from [com.android.support:transition:26.1.0] AndroidManifest.xml:20:5-44
MERGED from [org.adw.library:discrete-seekbar:1.0.1] AndroidManifest.xml:23:5-25:41
MERGED from [org.adw.library:discrete-seekbar:1.0.1] AndroidManifest.xml:23:5-25:41
MERGED from [com.android.support:support-v4:26.1.0] AndroidManifest.xml:21:5-23:54
MERGED from [com.android.support:support-v4:26.1.0] AndroidManifest.xml:21:5-23:54
MERGED from [com.android.support.constraint:constraint-layout:1.0.2] AndroidManifest.xml:5:5-7:41
MERGED from [com.android.support.constraint:constraint-layout:1.0.2] AndroidManifest.xml:5:5-7:41
MERGED from [me.everything:overscroll-decor-android:1.0.4] AndroidManifest.xml:8:5-10:41
MERGED from [me.everything:overscroll-decor-android:1.0.4] AndroidManifest.xml:8:5-10:41
MERGED from [me.leolin:ShortcutBadger:1.1.17] AndroidManifest.xml:7:5-9:41
MERGED from [me.leolin:ShortcutBadger:1.1.17] AndroidManifest.xml:7:5-9:41
MERGED from [jp.wasabeef:glide-transformations:3.0.1] AndroidManifest.xml:8:5-10:41
MERGED from [jp.wasabeef:glide-transformations:3.0.1] AndroidManifest.xml:8:5-10:41
MERGED from [com.android.support:recyclerview-v7:26.1.0] AndroidManifest.xml:20:5-44
MERGED from [com.android.support:recyclerview-v7:26.1.0] AndroidManifest.xml:20:5-44
MERGED from [com.google.firebase:firebase-messaging-license:11.6.0] AndroidManifest.xml:4:5-43
MERGED from [com.google.firebase:firebase-messaging-license:11.6.0] AndroidManifest.xml:4:5-43
MERGED from [com.google.android.gms:play-services-base-license:11.6.0] AndroidManifest.xml:4:5-43
MERGED from [com.google.android.gms:play-services-base-license:11.6.0] AndroidManifest.xml:4:5-43
MERGED from [com.huawei.android.hms:base:2.5.3.302] AndroidManifest.xml:5:5-7:41
MERGED from [com.huawei.android.hms:base:2.5.3.302] AndroidManifest.xml:5:5-7:41
MERGED from [cn.bingoogolapple:bga-qrcode-core:1.2.1] AndroidManifest.xml:5:5-7:41
MERGED from [cn.bingoogolapple:bga-qrcode-core:1.2.1] AndroidManifest.xml:5:5-7:41
MERGED from [com.google.firebase:firebase-analytics-license:11.6.0] AndroidManifest.xml:4:5-43
MERGED from [com.google.firebase:firebase-analytics-license:11.6.0] AndroidManifest.xml:4:5-43
MERGED from [com.android.support:animated-vector-drawable:26.1.0] AndroidManifest.xml:20:5-44
MERGED from [com.android.support:animated-vector-drawable:26.1.0] AndroidManifest.xml:20:5-44
MERGED from [com.android.support:support-vector-drawable:26.1.0] AndroidManifest.xml:20:5-44
MERGED from [com.android.support:support-vector-drawable:26.1.0] AndroidManifest.xml:20:5-44
MERGED from [com.android.support:support-fragment:26.1.0] AndroidManifest.xml:21:5-23:60
MERGED from [com.android.support:support-fragment:26.1.0] AndroidManifest.xml:21:5-23:60
MERGED from [com.android.support:support-core-ui:26.1.0] AndroidManifest.xml:21:5-23:58
MERGED from [com.android.support:support-core-ui:26.1.0] AndroidManifest.xml:21:5-23:58
MERGED from [com.android.support:support-media-compat:26.1.0] AndroidManifest.xml:21:5-23:63
MERGED from [com.android.support:support-media-compat:26.1.0] AndroidManifest.xml:21:5-23:63
MERGED from [com.android.support:support-core-utils:26.1.0] AndroidManifest.xml:21:5-23:61
MERGED from [com.android.support:support-core-utils:26.1.0] AndroidManifest.xml:21:5-23:61
MERGED from [com.android.support:support-compat:26.1.0] AndroidManifest.xml:21:5-23:58
MERGED from [com.android.support:support-compat:26.1.0] AndroidManifest.xml:21:5-23:58
MERGED from [com.google.firebase:firebase-iid-license:11.6.0] AndroidManifest.xml:4:5-43
MERGED from [com.google.firebase:firebase-iid-license:11.6.0] AndroidManifest.xml:4:5-43
MERGED from [com.google.android.gms:play-services-basement-license:11.6.0] AndroidManifest.xml:4:5-43
MERGED from [com.google.android.gms:play-services-basement-license:11.6.0] AndroidManifest.xml:4:5-43
MERGED from [com.google.firebase:firebase-common-license:11.6.0] AndroidManifest.xml:4:5-43
MERGED from [com.google.firebase:firebase-common-license:11.6.0] AndroidManifest.xml:4:5-43
MERGED from [com.google.android.gms:play-services-tasks-license:11.6.0] AndroidManifest.xml:4:5-43
MERGED from [com.google.android.gms:play-services-tasks-license:11.6.0] AndroidManifest.xml:4:5-43
MERGED from [com.google.firebase:firebase-analytics-impl-license:11.6.0] AndroidManifest.xml:4:5-43
MERGED from [com.google.firebase:firebase-analytics-impl-license:11.6.0] AndroidManifest.xml:4:5-43
MERGED from [android.arch.lifecycle:runtime:1.0.0] AndroidManifest.xml:20:5-22:41
MERGED from [android.arch.lifecycle:runtime:1.0.0] AndroidManifest.xml:20:5-22:41
INJECTED from w_ls\lawtree\AndroidManifest.xml:61:5-97
INJECTED from w_ls\lawtree\AndroidManifest.xml:61:5-97
	tools:overrideLibrary
		ADDED from w_ls\lawtree\AndroidManifest.xml:61:15-94
	android:targetSdkVersion
		INJECTED from w_ls\lawtree\AndroidManifest.xml
		ADDED from w_ls\lawtree\AndroidManifest.xml:61:5-97
		INJECTED from w_ls\lawtree\AndroidManifest.xml
	android:minSdkVersion
		INJECTED from w_ls\lawtree\AndroidManifest.xml
		ADDED from w_ls\lawtree\AndroidManifest.xml:61:5-97
		INJECTED from w_ls\lawtree\AndroidManifest.xml
uses-permission#com.meizu.flyme.push.permission.RECEIVE
ADDED from w_ls\lawtree\AndroidManifest.xml:65:5-79
	android:name
		ADDED from w_ls\lawtree\AndroidManifest.xml:65:22-76
permission#com.qysd.lawtree.push.permission.MESSAGE
ADDED from w_ls\lawtree\AndroidManifest.xml:66:5-68:47
	android:protectionLevel
		ADDED from w_ls\lawtree\AndroidManifest.xml:68:9-44
	android:name
		ADDED from w_ls\lawtree\AndroidManifest.xml:67:9-64
uses-permission#com.qysd.lawtree.push.permission.MESSAGE
ADDED from w_ls\lawtree\AndroidManifest.xml:69:5-80
	android:name
		ADDED from w_ls\lawtree\AndroidManifest.xml:69:22-77
uses-permission#com.meizu.c2dm.permission.RECEIVE
ADDED from w_ls\lawtree\AndroidManifest.xml:71:5-73
	android:name
		ADDED from w_ls\lawtree\AndroidManifest.xml:71:22-70